2026-06-04 12:22:05,645 [INFO] Chưa có data → fetch 90 ngày: 2026-03-06 → 2026-06-03
2026-06-04 12:22:06,355 [INFO] Failed to extract font properties from /usr/share/fonts/truetype/noto/NotoColorEmoji.ttf: Can not load face (unknown file format; error code 0x2)
2026-06-04 12:22:06,996 [INFO] generated new fontManager
2026-06-04 12:22:09,709 [INFO] Device registered: 354c82000fe98b4ab7cfcc1c6cce8932 (version 0.0.1)
2026-06-04 12:22:14,815 [INFO] VCB: ✓ 61 dòng
2026-06-04 12:22:17,878 [INFO] VIC: ✓ 61 dòng
2026-06-04 12:22:20,977 [INFO] VHM: ✓ 61 dòng
2026-06-04 12:22:24,173 [INFO] HPG: ✓ 61 dòng
2026-06-04 12:22:27,323 [INFO] TCB: ✓ 61 dòng
2026-06-04 12:22:30,492 [INFO] MBB: ✓ 61 dòng
2026-06-04 12:22:33,729 [INFO] VNM: ✓ 61 dòng
2026-06-04 12:22:36,890 [INFO] FPT: ✓ 61 dòng
2026-06-04 12:22:40,199 [INFO] MSN: ✓ 61 dòng
2026-06-04 12:22:43,327 [INFO] BID: ✓ 61 dòng
2026-06-04 12:22:43,328 [INFO] === Xong: 10/10 tickers | 610 dòng mới ===
2026-06-05 17:33:40,438 [INFO] Fetch từ 2026-06-04 → 2026-06-04
2026-06-05 17:33:40,874 [INFO] Failed to extract font properties from /usr/share/fonts/truetype/noto/NotoColorEmoji.ttf: Can not load face (unknown file format; error code 0x2)
2026-06-05 17:33:40,942 [INFO] generated new fontManager
2026-06-05 17:33:43,428 [INFO] Device registered: 354c82000fe98b4ab7cfcc1c6cce8932 (version 0.0.1)
2026-06-05 17:33:53,169 [INFO] VCB: ✓ 1 dòng
2026-06-05 17:33:56,029 [INFO] VIC: ✓ 1 dòng
2026-06-05 17:33:58,906 [INFO] VHM: ✓ 1 dòng
2026-06-05 17:34:01,950 [INFO] HPG: ✓ 1 dòng
2026-06-05 17:34:04,831 [INFO] TCB: ✓ 1 dòng
2026-06-05 17:34:07,646 [INFO] MBB: ✓ 1 dòng
2026-06-05 17:34:10,649 [INFO] VNM: ✓ 1 dòng
2026-06-05 17:34:14,968 [INFO] FPT: ✓ 1 dòng
2026-06-05 17:34:18,373 [INFO] MSN: ✓ 1 dòng
2026-06-05 17:34:21,380 [INFO] BID: ✓ 1 dòng
2026-06-05 17:34:21,380 [INFO] === Xong: 10/10 tickers | 10 dòng mới ===
2026-06-08 19:37:54,290 [INFO] Fetch từ 2026-06-05 → 2026-06-07
2026-06-08 19:37:54,698 [INFO] Failed to extract font properties from /usr/share/fonts/truetype/noto/NotoColorEmoji.ttf: Can not load face (unknown file format; error code 0x2)
2026-06-08 19:37:54,729 [INFO] generated new fontManager
2026-06-08 19:37:57,807 [INFO] Device registered: 354c82000fe98b4ab7cfcc1c6cce8932 (version 0.0.1)
2026-06-08 19:38:03,020 [INFO] VCB: ✓ 1 dòng
2026-06-08 19:38:05,818 [INFO] VIC: ✓ 1 dòng
2026-06-08 19:38:08,577 [INFO] VHM: ✓ 1 dòng
2026-06-08 19:38:11,530 [INFO] HPG: ✓ 1 dòng
2026-06-08 19:38:14,409 [INFO] TCB: ✓ 1 dòng
2026-06-08 19:38:17,357 [INFO] MBB: ✓ 1 dòng
2026-06-08 19:38:20,224 [INFO] VNM: ✓ 1 dòng
2026-06-08 19:38:23,244 [INFO] FPT: ✓ 1 dòng
2026-06-08 19:38:26,233 [INFO] MSN: ✓ 1 dòng
2026-06-08 19:38:29,554 [INFO] BID: ✓ 1 dòng
2026-06-08 19:38:29,554 [INFO] === Xong: 10/10 tickers | 10 dòng mới ===
